0 info it worked if it ends with ok
1 verbose cli [ 'C:\\nodejs\\node.exe',
1 verbose cli   'C:\\Users\\kgvd510\\AppData\\Roaming\\npm\\node_modules\\npm\\bin\\npm-cli.js',
1 verbose cli   'run',
1 verbose cli   'build' ]
2 info using npm@3.10.8
3 info using node@v4.6.0
4 verbose run-script [ 'prebuild', 'build', 'postbuild' ]
5 info lifecycle ionic-hello-world@~prebuild: ionic-hello-world@
6 silly lifecycle ionic-hello-world@~prebuild: no script for prebuild, continuing
7 info lifecycle ionic-hello-world@~build: ionic-hello-world@
8 verbose lifecycle ionic-hello-world@~build: unsafe-perm in lifecycle true
9 verbose lifecycle ionic-hello-world@~build: PATH: C:\Users\kgvd510\AppData\Roaming\npm\node_modules\npm\bin\node-gyp-bin;C:\Users\kgvd510\global-policy-app\client\node_modules\.bin;C:\Users\kgvd510\bin;C:\git\mingw64\bin;C:\git\usr\local\bin;C:\git\usr\bin;C:\git\usr\bin;C:\git\mingw64\bin;C:\git\usr\bin;C:\Users\kgvd510\bin;C:\oraclexe\app\oracle\product\11.2.0\server\bin;C:\ProgramData\Oracle\Java\javapath;C:\ORACLE\11.2\client_64\bin;C:\WINDOWS\system32;C:\WINDOWS;C:\WINDOWS\System32\Wbem;C:\WINDOWS\System32\WindowsPowerShell\v1.0;C:\WINDOWS\System32\WindowsPowerShell\v1.0;C:\Program Files (x86)\Box\Box Edit;C:\Program Files (x86)\Skype\Phone;C:\git\cmd;C:\git\mingw64\bin;C:\git\usr\bin;C:\nodejs;C:\Users\kgvd510\AppData\Roaming\Cloud Foundry;C:\PostgreSQL\pg96\bin;C:\Program Files\1E\NomadBranch;C:\Users\kgvd510\AppData\Local\Programs\Python\Launcher;C:\Program Files (x86)\Microsoft VS Code\bin;C:\java\jdk1.8.0_101\bin;C:\gradle-2.13\bin;C:\Python27;C:\Program Files\Microsoft Visual Studio 8\VC\vcpackages;C:\Users\kgvd510\AppData\Local\.meteor;C:\java\apache-maven-3.3.9\bin;C:\Users\kgvd510\AppData\Local\Android\sdk\build-tools\19.1.0;C:\Users\kgvd510\AppData\Roaming\npm;C:\git\usr\bin\vendor_perl;C:\git\usr\bin\core_perl
10 verbose lifecycle ionic-hello-world@~build: CWD: C:\Users\kgvd510\global-policy-app\client
11 silly lifecycle ionic-hello-world@~build: Args: [ '/d /s /c', 'ionic-app-scripts build' ]
12 silly lifecycle ionic-hello-world@~build: Returned: code: 1  signal: null
13 info lifecycle ionic-hello-world@~build: Failed to exec build script
14 verbose stack Error: ionic-hello-world@ build: `ionic-app-scripts build`
14 verbose stack Exit status 1
14 verbose stack     at EventEmitter.<anonymous> (C:\Users\kgvd510\AppData\Roaming\npm\node_modules\npm\lib\utils\lifecycle.js:255:16)
14 verbose stack     at emitTwo (events.js:87:13)
14 verbose stack     at EventEmitter.emit (events.js:172:7)
14 verbose stack     at ChildProcess.<anonymous> (C:\Users\kgvd510\AppData\Roaming\npm\node_modules\npm\lib\utils\spawn.js:40:14)
14 verbose stack     at emitTwo (events.js:87:13)
14 verbose stack     at ChildProcess.emit (events.js:172:7)
14 verbose stack     at maybeClose (internal/child_process.js:829:16)
14 verbose stack     at Process.ChildProcess._handle.onexit (internal/child_process.js:211:5)
15 verbose pkgid ionic-hello-world@
16 verbose cwd C:\Users\kgvd510\global-policy-app\client
17 error Windows_NT 6.1.7601
18 error argv "C:\\nodejs\\node.exe" "C:\\Users\\kgvd510\\AppData\\Roaming\\npm\\node_modules\\npm\\bin\\npm-cli.js" "run" "build"
19 error node v4.6.0
20 error npm  v3.10.8
21 error code ELIFECYCLE
22 error ionic-hello-world@ build: `ionic-app-scripts build`
22 error Exit status 1
23 error Failed at the ionic-hello-world@ build script 'ionic-app-scripts build'.
23 error Make sure you have the latest version of node.js and npm installed.
23 error If you do, this is most likely a problem with the ionic-hello-world package,
23 error not with npm itself.
23 error Tell the author that this fails on your system:
23 error     ionic-app-scripts build
23 error You can get information on how to open an issue for this project with:
23 error     npm bugs ionic-hello-world
23 error Or if that isn't available, you can get their info via:
23 error     npm owner ls ionic-hello-world
23 error There is likely additional logging output above.
24 verbose exit [ 1, true ]
